[0616/235250.462:ERROR:process_reader_win.cc(188)] ResumeThread: The parameter is incorrect. (0x57)
[0616/235250.464:ERROR:process_reader_win.cc(151)] SuspendThread: Access is denied. (0x5)
[0616/235250.464:ERROR:process_reader_win.cc(123)] NtOpenThread: An invalid Client ID was specified. (0xc000000b)
[0616/235250.478:ERROR:process_reader_win.cc(151)] SuspendThread: Access is denied. (0x5)
[0616/235250.478:ERROR:process_reader_win.cc(151)] SuspendThread: Access is denied. (0x5)
[0616/235250.478:ERROR:process_reader_win.cc(151)] SuspendThread: Access is denied. (0x5)
[0616/235250.478:ERROR:process_reader_win.cc(151)] SuspendThread: Access is denied. (0x5)
[0616/235251.001:ERROR:process_memory_win.cc(73)] ReadMemory at 0x1564bbf75b0 of 72 bytes failed: Only part of a ReadProcessMemory or WriteProcessMemory request was completed. (0x12B)
[0616/235251.026:WARNING:pe_image_annotations_reader.cc(134)] could not read annotations list object in C:\Program Files (x86)\Google\Chrome\Application\83.0.4103.97\chrome_elf.dll
[0616/235251.026:ERROR:process_memory_win.cc(73)] ReadMemory at 0x7fffeea60000 of 64 bytes failed: Only part of a ReadProcessMemory or WriteProcessMemory request was completed. (0x12B)
[0616/235251.026:WARNING:pe_image_reader.cc(340)] could not read dos header from C:\WINDOWS\SYSTEM32\VERSION.dll
[0616/235251.026:ERROR:process_memory_win.cc(73)] ReadMemory at 0x7ffffc140000 of 64 bytes failed: Only part of a ReadProcessMemory or WriteProcessMemory request was completed. (0x12B)
[0616/235251.026:WARNING:pe_image_reader.cc(340)] could not read dos header from C:\WINDOWS\System32\msvcrt.dll
[0616/235251.026:ERROR:process_memory_win.cc(73)] ReadMemory at 0x7ffffc030000 of 64 bytes failed: Only part of a ReadProcessMemory or WriteProcessMemory request was completed. (0x12B)
[0616/235251.026:WARNING:pe_image_reader.cc(340)] could not read dos header from C:\WINDOWS\System32\ADVAPI32.dll
[0616/235251.026:ERROR:process_memory_win.cc(73)] ReadMemory at 0x7ffffd060000 of 64 bytes failed: Only part of a ReadProcessMemory or WriteProcessMemory request was completed. (0x12B)
[0616/235251.026:WARNING:pe_image_reader.cc(340)] could not read dos header from C:\WINDOWS\System32\sechost.dll
[0616/235251.026:ERROR:process_memory_win.cc(73)] ReadMemory at 0x7ffffc780000 of 64 bytes failed: Only part of a ReadProcessMemory or WriteProcessMemory request was completed. (0x12B)
[0616/235251.026:WARNING:pe_image_reader.cc(340)] could not read dos header from C:\WINDOWS\System32\RPCRT4.dll
[0616/235251.026:ERROR:process_memory_win.cc(73)] ReadMemory at 0x7fff9f590000 of 64 bytes failed: Only part of a ReadProcessMemory or WriteProcessMemory request was completed. (0x12B)
[0616/235251.026:WARNING:pe_image_reader.cc(340)] could not read dos header from C:\Program Files (x86)\Google\Chrome\Application\83.0.4103.97\chrome.dll
[0616/235251.026:ERROR:process_memory_win.cc(73)] ReadMemory at 0x7ffffbd90000 of 64 bytes failed: Only part of a ReadProcessMemory or WriteProcessMemory request was completed. (0x12B)
[0616/235251.026:WARNING:pe_image_reader.cc(340)] could not read dos header from C:\WINDOWS\System32\WS2_32.dll
[0616/235251.026:ERROR:process_memory_win.cc(73)] ReadMemory at 0x7ffffba90000 of 64 bytes failed: Only part of a ReadProcessMemory or WriteProcessMemory request was completed. (0x12B)
[0616/235251.026:WARNING:pe_image_reader.cc(340)] could not read dos header from C:\WINDOWS\System32\OLEAUT32.dll
[0616/235251.026:ERROR:process_memory_win.cc(73)] ReadMemory at 0x7ffffb6a0000 of 64 bytes failed: Only part of a ReadProcessMemory or WriteProcessMemory request was completed. (0x12B)
[0616/235251.026:WARNING:pe_image_reader.cc(340)] could not read dos header from C:\WINDOWS\System32\msvcp_win.dll
[0616/235251.026:ERROR:process_memory_win.cc(73)] ReadMemory at 0x7ffffb740000 of 64 bytes failed: Only part of a ReadProcessMemory or WriteProcessMemory request was completed. (0x12B)
[0616/235251.026:WARNING:pe_image_reader.cc(340)] could not read dos header from C:\WINDOWS\System32\ucrtbase.dll
[0616/235251.026:ERROR:process_memory_win.cc(73)] ReadMemory at 0x7ffffc1e0000 of 64 bytes failed: Only part of a ReadProcessMemory or WriteProcessMemory request was completed. (0x12B)
[0616/235251.026:WARNING:pe_image_reader.cc(340)] could not read dos header from C:\WINDOWS\System32\combase.dll
[0616/235251.027:ERROR:process_memory_win.cc(73)] ReadMemory at 0x7ffffb310000 of 64 bytes failed: Only part of a ReadProcessMemory or WriteProcessMemory request was completed. (0x12B)
[0616/235251.027:WARNING:pe_image_reader.cc(340)] could not read dos header from C:\WINDOWS\System32\WINTRUST.dll
[0616/235251.027:ERROR:process_memory_win.cc(73)] ReadMemory at 0x7ffffa300000 of 64 bytes failed: Only part of a ReadProcessMemory or WriteProcessMemory request was completed. (0x12B)
[0616/235251.027:WARNING:pe_image_reader.cc(340)] could not read dos header from C:\WINDOWS\SYSTEM32\IPHLPAPI.DLL
[0616/235251.027:ERROR:process_memory_win.cc(73)] ReadMemory at 0x7ffffb100000 of 64 bytes failed: Only part of a ReadProcessMemory or WriteProcessMemory request was completed. (0x12B)
[0616/235251.027:WARNING:pe_image_reader.cc(340)] could not read dos header from C:\WINDOWS\System32\CRYPT32.dll
[0616/235251.027:ERROR:process_memory_win.cc(73)] ReadMemory at 0x7fffeea90000 of 64 bytes failed: Only part of a ReadProcessMemory or WriteProcessMemory request was completed. (0x12B)
[0616/235251.027:WARNING:pe_image_reader.cc(340)] could not read dos header from C:\WINDOWS\SYSTEM32\WINMM.dll
[0616/235251.027:ERROR:process_memory_win.cc(73)] ReadMemory at 0x7fffe6c60000 of 64 bytes failed: Only part of a ReadProcessMemory or WriteProcessMemory request was completed. (0x12B)
[0616/235251.027:WARNING:pe_image_reader.cc(340)] could not read dos header from C:\WINDOWS\SYSTEM32\Secur32.dll
[0616/235251.027:ERROR:process_memory_win.cc(73)] ReadMemory at 0x7ffffae20000 of 64 bytes failed: Only part of a ReadProcessMemory or WriteProcessMemory request was completed. (0x12B)
[0616/235251.027:WARNING:pe_image_reader.cc(340)] could not read dos header from C:\WINDOWS\SYSTEM32\USERENV.dll
[0616/235251.027:ERROR:process_memory_win.cc(73)] ReadMemory at 0x7fffc7e90000 of 64 bytes failed: Only part of a ReadProcessMemory or WriteProcessMemory request was completed. (0x12B)
[0616/235251.027:WARNING:pe_image_reader.cc(340)] could not read dos header from C:\WINDOWS\SYSTEM32\UIAutomationCore.DLL
[0616/235251.027:ERROR:process_memory_win.cc(73)] ReadMemory at 0x7ffff6850000 of 64 bytes failed: Only part of a ReadProcessMemory or WriteProcessMemory request was completed. (0x12B)
[0616/235251.027:WARNING:pe_image_reader.cc(340)] could not read dos header from C:\WINDOWS\SYSTEM32\DWrite.dll
[0616/235251.027:ERROR:process_memory_win.cc(73)] ReadMemory at 0x7fffee990000 of 64 bytes failed: Only part of a ReadProcessMemory or WriteProcessMemory request was completed. (0x12B)
[0616/235251.027:WARNING:pe_image_reader.cc(340)] could not read dos header from C:\WINDOWS\SYSTEM32\WINSPOOL.DRV
[0616/235251.027:ERROR:process_memory_win.cc(73)] ReadMemory at 0x7ffff8d60000 of 64 bytes failed: Only part of a ReadProcessMemory or WriteProcessMemory request was completed. (0x12B)
[0616/235251.027:WARNING:pe_image_reader.cc(340)] could not read dos header from C:\WINDOWS\SYSTEM32\dbghelp.dll
[0616/235251.027:ERROR:process_memory_win.cc(73)] ReadMemory at 0x7ffff2670000 of 64 bytes failed: Only part of a ReadProcessMemory or WriteProcessMemory request was completed. (0x12B)
[0616/235251.027:WARNING:pe_image_reader.cc(340)] could not read dos header from C:\WINDOWS\SYSTEM32\WINHTTP.dll
[0616/235251.027:ERROR:process_memory_win.cc(73)] ReadMemory at 0x7ffff1e10000 of 64 bytes failed: Only part of a ReadProcessMemory or WriteProcessMemory request was completed. (0x12B)
[0616/235251.027:WARNING:pe_image_reader.cc(340)] could not read dos header from C:\WINDOWS\SYSTEM32\dhcpcsvc.DLL
[0616/235251.027:ERROR:process_memory_win.cc(73)] ReadMemory at 0x7ffff86f0000 of 64 bytes failed: Only part of a ReadProcessMemory or WriteProcessMemory request was completed. (0x12B)
[0616/235251.027:WARNING:pe_image_reader.cc(340)] could not read dos header from C:\WINDOWS\SYSTEM32\PROPSYS.dll
[0616/235251.027:ERROR:process_memory_win.cc(73)] ReadMemory at 0x7ffffade0000 of 64 bytes failed: Only part of a ReadProcessMemory or WriteProcessMemory request was completed. (0x12B)
[0616/235251.027:WARNING:pe_image_reader.cc(340)] could not read dos header from C:\WINDOWS\SYSTEM32\SSPICLI.DLL
[0616/235251.027:ERROR:process_memory_win.cc(73)] ReadMemory at 0x7ffffaa30000 of 64 bytes failed: Only part of a ReadProcessMemory or WriteProcessMemory request was completed. (0x12B)
[0616/235251.027:WARNING:pe_image_reader.cc(340)] could not read dos header from C:\WINDOWS\System32\MSASN1.dll
[0616/235251.027:ERROR:process_memory_win.cc(73)] ReadMemory at 0x7ffffb080000 of 64 bytes failed: Only part of a ReadProcessMemory or WriteProcessMemory request was completed. (0x12B)
[0616/235251.027:WARNING:pe_image_reader.cc(340)] could not read dos header from C:\WINDOWS\System32\bcryptPrimitives.dll
[0616/235251.027:ERROR:process_memory_win.cc(73)] ReadMemory at 0x7ffffc8b0000 of 64 bytes failed: Only part of a ReadProcessMemory or WriteProcessMemory request was completed. (0x12B)
[0616/235251.027:WARNING:pe_image_reader.cc(340)] could not read dos header from C:\WINDOWS\System32\SHELL32.dll
[0616/235251.027:ERROR:process_memory_win.cc(73)] ReadMemory at 0x7ffffb8f0000 of 64 bytes failed: Only part of a ReadProcessMemory or WriteProcessMemory request was completed. (0x12B)
[0616/235251.027:WARNING:pe_image_reader.cc(340)] could not read dos header from C:\WINDOWS\System32\USER32.dll
[0616/235251.028:ERROR:process_memory_win.cc(73)] ReadMemory at 0x7ffffb670000 of 64 bytes failed: Only part of a ReadProcessMemory or WriteProcessMemory request was completed. (0x12B)
[0616/235251.028:WARNING:pe_image_reader.cc(340)] could not read dos header from C:\WINDOWS\System32\win32u.dll
[0616/235251.028:ERROR:process_memory_win.cc(73)] ReadMemory at 0x7ffffd760000 of 64 bytes failed: Only part of a ReadProcessMemory or WriteProcessMemory request was completed. (0x12B)
[0616/235251.028:WARNING:pe_image_reader.cc(340)] could not read dos header from C:\WINDOWS\System32\GDI32.dll
[0616/235251.028:ERROR:process_memory_win.cc(73)] ReadMemory at 0x7ffffaf70000 of 64 bytes failed: Only part of a ReadProcessMemory or WriteProcessMemory request was completed. (0x12B)
[0616/235251.028:WARNING:pe_image_reader.cc(340)] could not read dos header from C:\WINDOWS\System32\gdi32full.dll
[0616/235251.028:ERROR:process_memory_win.cc(73)] ReadMemory at 0x7ffffc540000 of 64 bytes failed: Only part of a ReadProcessMemory or WriteProcessMemory request was completed. (0x12B)
[0616/235251.028:WARNING:pe_image_reader.cc(340)] could not read dos header from C:\WINDOWS\System32\IMM32.DLL
[0616/235251.028:ERROR:process_memory_win.cc(73)] ReadMemory at 0x7ffff9070000 of 64 bytes failed: Only part of a ReadProcessMemory or WriteProcessMemory request was completed. (0x12B)
[0616/235251.028:WARNING:pe_image_reader.cc(340)] could not read dos header from C:\WINDOWS\SYSTEM32\windows.storage.dll
[0616/235251.028:ERROR:process_memory_win.cc(73)] ReadMemory at 0x7ffffa800000 of 64 bytes failed: Only part of a ReadProcessMemory or WriteProcessMemory request was completed. (0x12B)
[0616/235251.028:WARNING:pe_image_reader.cc(340)] could not read dos header from C:\WINDOWS\SYSTEM32\Wldp.dll
[0616/235251.028:ERROR:process_memory_win.cc(73)] ReadMemory at 0x7ffffc570000 of 64 bytes failed: Only part of a ReadProcessMemory or WriteProcessMemory request was completed. (0x12B)
[0616/235251.028:WARNING:pe_image_reader.cc(340)] could not read dos header from C:\WINDOWS\System32\SHCORE.dll
[0616/235251.028:ERROR:process_memory_win.cc(73)] ReadMemory at 0x7ffffd000000 of 64 bytes failed: Only part of a ReadProcessMemory or WriteProcessMemory request was completed. (0x12B)
[0616/235251.028:WARNING:pe_image_reader.cc(340)] could not read dos header from C:\WINDOWS\System32\shlwapi.dll
[0616/235251.028:ERROR:process_memory_win.cc(73)] ReadMemory at 0x7ffffa770000 of 64 bytes failed: Only part of a ReadProcessMemory or WriteProcessMemory request was completed. (0x12B)
[0616/235251.028:WARNING:pe_image_reader.cc(340)] could not read dos header from C:\WINDOWS\SYSTEM32\CRYPTBASE.DLL
[0616/235251.028:ERROR:process_memory_win.cc(73)] ReadMemory at 0x7ffffc700000 of 64 bytes failed: Only part of a ReadProcessMemory or WriteProcessMemory request was completed. (0x12B)
[0616/235251.028:WARNING:pe_image_reader.cc(340)] could not read dos header from C:\WINDOWS\System32\NSI.dll
[0616/235251.028:ERROR:process_memory_win.cc(73)] ReadMemory at 0x7ffff6360000 of 64 bytes failed: Only part of a ReadProcessMemory or WriteProcessMemory request was completed. (0x12B)
[0616/235251.028:WARNING:pe_image_reader.cc(340)] could not read dos header from C:\WINDOWS\system32\NLAapi.dll
[0616/235251.028:ERROR:process_memory_win.cc(73)] ReadMemory at 0x7ffff1ec0000 of 64 bytes failed: Only part of a ReadProcessMemory or WriteProcessMemory request was completed. (0x12B)
[0616/235251.028:WARNING:pe_image_reader.cc(340)] could not read dos header from C:\WINDOWS\SYSTEM32\dhcpcsvc6.DLL
[0616/235251.028:ERROR:process_memory_win.cc(73)] ReadMemory at 0x7ffffa340000 of 64 bytes failed: Only part of a ReadProcessMemory or WriteProcessMemory request was completed. (0x12B)
[0616/235251.028:WARNING:pe_image_reader.cc(340)] could not read dos header from C:\WINDOWS\SYSTEM32\DNSAPI.dll
[0616/235251.028:ERROR:process_memory_win.cc(73)] ReadMemory at 0x7ffff03f0000 of 64 bytes failed: Only part of a ReadProcessMemory or WriteProcessMemory request was completed. (0x12B)
[0616/235251.028:WARNING:pe_image_reader.cc(340)] could not read dos header from C:\WINDOWS\SYSTEM32\wlanapi.dll
[0616/235251.028:ERROR:process_memory_win.cc(73)] ReadMemory at 0x7ffffae60000 of 64 bytes failed: Only part of a ReadProcessMemory or WriteProcessMemory request was completed. (0x12B)
[0616/235251.028:WARNING:pe_image_reader.cc(340)] could not read dos header from C:\WINDOWS\SYSTEM32\profapi.dll
[0616/235251.028:ERROR:process_memory_win.cc(73)] ReadMemory at 0x7ffffa5f0000 of 64 bytes failed: Only part of a ReadProcessMemory or WriteProcessMemory request was completed. (0x12B)
[0616/235251.028:WARNING:pe_image_reader.cc(340)] could not read dos header from C:\WINDOWS\system32\mswsock.dll
[0616/235251.028:ERROR:process_memory_win.cc(73)] ReadMemory at 0x7fffeaa40000 of 64 bytes failed: Only part of a ReadProcessMemory or WriteProcessMemory request was completed. (0x12B)
[0616/235251.028:WARNING:pe_image_reader.cc(340)] could not read dos header from C:\Windows\System32\rasadhlp.dll
[0616/235251.028:ERROR:process_memory_win.cc(73)] ReadMemory at 0x7fffea6b0000 of 64 bytes failed: Only part of a ReadProcessMemory or WriteProcessMemory request was completed. (0x12B)
[0616/235251.028:WARNING:pe_image_reader.cc(340)] could not read dos header from C:\WINDOWS\System32\fwpuclnt.dll
[0616/235251.029:ERROR:process_memory_win.cc(73)] ReadMemory at 0x7ffffb370000 of 64 bytes failed: Only part of a ReadProcessMemory or WriteProcessMemory request was completed. (0x12B)
[0616/235251.029:WARNING:pe_image_reader.cc(340)] could not read dos header from C:\WINDOWS\System32\bcrypt.dll
[0616/235251.029:ERROR:process_memory_win.cc(73)] ReadMemory at 0x7ffffa8b0000 of 64 bytes failed: Only part of a ReadProcessMemory or WriteProcessMemory request was completed. (0x12B)
[0616/235251.029:WARNING:pe_image_reader.cc(340)] could not read dos header from C:\WINDOWS\System32\CRYPTSP.dll
[0616/235251.029:ERROR:process_memory_win.cc(73)] ReadMemory at 0x7ffff9fa0000 of 64 bytes failed: Only part of a ReadProcessMemory or WriteProcessMemory request was completed. (0x12B)
[0616/235251.029:WARNING:pe_image_reader.cc(340)] could not read dos header from C:\WINDOWS\system32\rsaenh.dll
[0616/235251.029:ERROR:process_memory_win.cc(73)] ReadMemory at 0x7ffff9810000 of 64 bytes failed: Only part of a ReadProcessMemory or WriteProcessMemory request was completed. (0x12B)
[0616/235251.029:WARNING:pe_image_reader.cc(340)] could not read dos header from C:\WINDOWS\SYSTEM32\gpapi.dll
[0616/235251.029:ERROR:process_memory_win.cc(73)] ReadMemory at 0x7fffe2950000 of 64 bytes failed: Only part of a ReadProcessMemory or WriteProcessMemory request was completed. (0x12B)
[0616/235251.029:WARNING:pe_image_reader.cc(340)] could not read dos header from C:\Windows\System32\cryptnet.dll
[0616/235251.029:ERROR:process_memory_win.cc(73)] ReadMemory at 0x7ff741bf0000 of 64 bytes failed: Only part of a ReadProcessMemory or WriteProcessMemory request was completed. (0x12B)
[0616/235251.029:WARNING:pe_image_reader.cc(340)] could not read dos header from C:\Program Files (x86)\Google\Chrome\Application\chrome.exe
[0616/235251.029:ERROR:process_memory_win.cc(73)] ReadMemory at 0x7ffffd7d0000 of 64 bytes failed: Only part of a ReadProcessMemory or WriteProcessMemory request was completed. (0x12B)
[0616/235251.029:WARNING:pe_image_reader.cc(340)] could not read dos header from C:\WINDOWS\SYSTEM32\ntdll.dll
[0616/235251.029:ERROR:process_memory_win.cc(73)] ReadMemory at 0x7ffffd100000 of 64 bytes failed: Only part of a ReadProcessMemory or WriteProcessMemory request was completed. (0x12B)
[0616/235251.029:WARNING:pe_image_reader.cc(340)] could not read dos header from C:\WINDOWS\System32\KERNEL32.DLL
[0616/235251.029:ERROR:process_memory_win.cc(73)] ReadMemory at 0x7ffffb3a0000 of 64 bytes failed: Only part of a ReadProcessMemory or WriteProcessMemory request was completed. (0x12B)
[0616/235251.029:WARNING:pe_image_reader.cc(340)] could not read dos header from C:\WINDOWS\System32\KERNELBASE.dll
[0616/235251.029:ERROR:process_memory_win.cc(73)] ReadMemory at 0x7fffb1bd0000 of 64 bytes failed: Only part of a ReadProcessMemory or WriteProcessMemory request was completed. (0x12B)
[0616/235251.029:WARNING:pe_image_reader.cc(340)] could not read dos header from C:\Program Files (x86)\Google\Chrome\Application\83.0.4103.97\chrome_elf.dll
[0616/235251.029:ERROR:process_memory_win.cc(73)] ReadMemory at 0x7fffeea60000 of 64 bytes failed: Only part of a ReadProcessMemory or WriteProcessMemory request was completed. (0x12B)
[0616/235251.029:WARNING:pe_image_reader.cc(340)] could not read dos header from C:\WINDOWS\SYSTEM32\VERSION.dll
[0616/235251.029:ERROR:process_memory_win.cc(73)] ReadMemory at 0x7ffffc140000 of 64 bytes failed: Only part of a ReadProcessMemory or WriteProcessMemory request was completed. (0x12B)
[0616/235251.029:WARNING:pe_image_reader.cc(340)] could not read dos header from C:\WINDOWS\System32\msvcrt.dll
[0616/235251.029:ERROR:process_memory_win.cc(73)] ReadMemory at 0x7ffffc030000 of 64 bytes failed: Only part of a ReadProcessMemory or WriteProcessMemory request was completed. (0x12B)
[0616/235251.029:WARNING:pe_image_reader.cc(340)] could not read dos header from C:\WINDOWS\System32\ADVAPI32.dll
[0616/235251.029:ERROR:process_memory_win.cc(73)] ReadMemory at 0x7ffffd060000 of 64 bytes failed: Only part of a ReadProcessMemory or WriteProcessMemory request was completed. (0x12B)
[0616/235251.029:WARNING:pe_image_reader.cc(340)] could not read dos header from C:\WINDOWS\System32\sechost.dll
[0616/235251.029:ERROR:process_memory_win.cc(73)] ReadMemory at 0x7ffffc780000 of 64 bytes failed: Only part of a ReadProcessMemory or WriteProcessMemory request was completed. (0x12B)
[0616/235251.029:WARNING:pe_image_reader.cc(340)] could not read dos header from C:\WINDOWS\System32\RPCRT4.dll
[0616/235251.029:ERROR:process_memory_win.cc(73)] ReadMemory at 0x7fff9f590000 of 64 bytes failed: Only part of a ReadProcessMemory or WriteProcessMemory request was completed. (0x12B)
[0616/235251.029:WARNING:pe_image_reader.cc(340)] could not read dos header from C:\Program Files (x86)\Google\Chrome\Application\83.0.4103.97\chrome.dll
[0616/235251.029:ERROR:process_memory_win.cc(73)] ReadMemory at 0x7ffffbd90000 of 64 bytes failed: Only part of a ReadProcessMemory or WriteProcessMemory request was completed. (0x12B)
[0616/235251.029:WARNING:pe_image_reader.cc(340)] could not read dos header from C:\WINDOWS\System32\WS2_32.dll
[0616/235251.029:ERROR:process_memory_win.cc(73)] ReadMemory at 0x7ffffba90000 of 64 bytes failed: Only part of a ReadProcessMemory or WriteProcessMemory request was completed. (0x12B)
[0616/235251.029:WARNING:pe_image_reader.cc(340)] could not read dos header from C:\WINDOWS\System32\OLEAUT32.dll
[0616/235251.030:ERROR:process_memory_win.cc(73)] ReadMemory at 0x7ffffb6a0000 of 64 bytes failed: Only part of a ReadProcessMemory or WriteProcessMemory request was completed. (0x12B)
[0616/235251.030:WARNING:pe_image_reader.cc(340)] could not read dos header from C:\WINDOWS\System32\msvcp_win.dll
[0616/235251.030:ERROR:process_memory_win.cc(73)] ReadMemory at 0x7ffffb740000 of 64 bytes failed: Only part of a ReadProcessMemory or WriteProcessMemory request was completed. (0x12B)
[0616/235251.030:WARNING:pe_image_reader.cc(340)] could not read dos header from C:\WINDOWS\System32\ucrtbase.dll
[0616/235251.030:ERROR:process_memory_win.cc(73)] ReadMemory at 0x7ffffc1e0000 of 64 bytes failed: Only part of a ReadProcessMemory or WriteProcessMemory request was completed. (0x12B)
[0616/235251.030:WARNING:pe_image_reader.cc(340)] could not read dos header from C:\WINDOWS\System32\combase.dll
[0616/235251.030:ERROR:process_memory_win.cc(73)] ReadMemory at 0x7ffffb310000 of 64 bytes failed: Only part of a ReadProcessMemory or WriteProcessMemory request was completed. (0x12B)
[0616/235251.030:WARNING:pe_image_reader.cc(340)] could not read dos header from C:\WINDOWS\System32\WINTRUST.dll
[0616/235251.030:ERROR:process_memory_win.cc(73)] ReadMemory at 0x7ffffa300000 of 64 bytes failed: Only part of a ReadProcessMemory or WriteProcessMemory request was completed. (0x12B)
[0616/235251.030:WARNING:pe_image_reader.cc(340)] could not read dos header from C:\WINDOWS\SYSTEM32\IPHLPAPI.DLL
[0616/235251.030:ERROR:process_memory_win.cc(73)] ReadMemory at 0x7ffffb100000 of 64 bytes failed: Only part of a ReadProcessMemory or WriteProcessMemory request was completed. (0x12B)
[0616/235251.030:WARNING:pe_image_reader.cc(340)] could not read dos header from C:\WINDOWS\System32\CRYPT32.dll
[0616/235251.030:ERROR:process_memory_win.cc(73)] ReadMemory at 0x7fffeea90000 of 64 bytes failed: Only part of a ReadProcessMemory or WriteProcessMemory request was completed. (0x12B)
[0616/235251.030:WARNING:pe_image_reader.cc(340)] could not read dos header from C:\WINDOWS\SYSTEM32\WINMM.dll
[0616/235251.030:ERROR:process_memory_win.cc(73)] ReadMemory at 0x7fffe6c60000 of 64 bytes failed: Only part of a ReadProcessMemory or WriteProcessMemory request was completed. (0x12B)
[0616/235251.030:WARNING:pe_image_reader.cc(340)] could not read dos header from C:\WINDOWS\SYSTEM32\Secur32.dll
[0616/235251.030:ERROR:process_memory_win.cc(73)] ReadMemory at 0x7ffffae20000 of 64 bytes failed: Only part of a ReadProcessMemory or WriteProcessMemory request was completed. (0x12B)
[0616/235251.030:WARNING:pe_image_reader.cc(340)] could not read dos header from C:\WINDOWS\SYSTEM32\USERENV.dll
[0616/235251.030:ERROR:process_memory_win.cc(73)] ReadMemory at 0x7fffc7e90000 of 64 bytes failed: Only part of a ReadProcessMemory or WriteProcessMemory request was completed. (0x12B)
[0616/235251.030:WARNING:pe_image_reader.cc(340)] could not read dos header from C:\WINDOWS\SYSTEM32\UIAutomationCore.DLL
[0616/235251.030:ERROR:process_memory_win.cc(73)] ReadMemory at 0x7ffff6850000 of 64 bytes failed: Only part of a ReadProcessMemory or WriteProcessMemory request was completed. (0x12B)
[0616/235251.030:WARNING:pe_image_reader.cc(340)] could not read dos header from C:\WINDOWS\SYSTEM32\DWrite.dll
[0616/235251.030:ERROR:process_memory_win.cc(73)] ReadMemory at 0x7fffee990000 of 64 bytes failed: Only part of a ReadProcessMemory or WriteProcessMemory request was completed. (0x12B)
[0616/235251.030:WARNING:pe_image_reader.cc(340)] could not read dos header from C:\WINDOWS\SYSTEM32\WINSPOOL.DRV
[0616/235251.030:ERROR:process_memory_win.cc(73)] ReadMemory at 0x7ffff8d60000 of 64 bytes failed: Only part of a ReadProcessMemory or WriteProcessMemory request was completed. (0x12B)
[0616/235251.030:WARNING:pe_image_reader.cc(340)] could not read dos header from C:\WINDOWS\SYSTEM32\dbghelp.dll
[0616/235251.030:ERROR:process_memory_win.cc(73)] ReadMemory at 0x7ffff2670000 of 64 bytes failed: Only part of a ReadProcessMemory or WriteProcessMemory request was completed. (0x12B)
[0616/235251.030:WARNING:pe_image_reader.cc(340)] could not read dos header from C:\WINDOWS\SYSTEM32\WINHTTP.dll
[0616/235251.030:ERROR:process_memory_win.cc(73)] ReadMemory at 0x7ffff1e10000 of 64 bytes failed: Only part of a ReadProcessMemory or WriteProcessMemory request was completed. (0x12B)
[0616/235251.030:WARNING:pe_image_reader.cc(340)] could not read dos header from C:\WINDOWS\SYSTEM32\dhcpcsvc.DLL
[0616/235251.030:ERROR:process_memory_win.cc(73)] ReadMemory at 0x7ffff86f0000 of 64 bytes failed: Only part of a ReadProcessMemory or WriteProcessMemory request was completed. (0x12B)
[0616/235251.030:WARNING:pe_image_reader.cc(340)] could not read dos header from C:\WINDOWS\SYSTEM32\PROPSYS.dll
[0616/235251.030:ERROR:process_memory_win.cc(73)] ReadMemory at 0x7ffffade0000 of 64 bytes failed: Only part of a ReadProcessMemory or WriteProcessMemory request was completed. (0x12B)
[0616/235251.030:WARNING:pe_image_reader.cc(340)] could not read dos header from C:\WINDOWS\SYSTEM32\SSPICLI.DLL
[0616/235251.030:ERROR:process_memory_win.cc(73)] ReadMemory at 0x7ffffaa30000 of 64 bytes failed: Only part of a ReadProcessMemory or WriteProcessMemory request was completed. (0x12B)
[0616/235251.030:WARNING:pe_image_reader.cc(340)] could not read dos header from C:\WINDOWS\System32\MSASN1.dll
[0616/235251.030:ERROR:process_memory_win.cc(73)] ReadMemory at 0x7ffffb080000 of 64 bytes failed: Only part of a ReadProcessMemory or WriteProcessMemory request was completed. (0x12B)
[0616/235251.030:WARNING:pe_image_reader.cc(340)] could not read dos header from C:\WINDOWS\System32\bcryptPrimitives.dll
[0616/235251.031:ERROR:process_memory_win.cc(73)] ReadMemory at 0x7ffffc8b0000 of 64 bytes failed: Only part of a ReadProcessMemory or WriteProcessMemory request was completed. (0x12B)
[0616/235251.031:WARNING:pe_image_reader.cc(340)] could not read dos header from C:\WINDOWS\System32\SHELL32.dll
[0616/235251.031:ERROR:process_memory_win.cc(73)] ReadMemory at 0x7ffffb8f0000 of 64 bytes failed: Only part of a ReadProcessMemory or WriteProcessMemory request was completed. (0x12B)
[0616/235251.031:WARNING:pe_image_reader.cc(340)] could not read dos header from C:\WINDOWS\System32\USER32.dll
[0616/235251.031:ERROR:process_memory_win.cc(73)] ReadMemory at 0x7ffffb670000 of 64 bytes failed: Only part of a ReadProcessMemory or WriteProcessMemory request was completed. (0x12B)
[0616/235251.031:WARNING:pe_image_reader.cc(340)] could not read dos header from C:\WINDOWS\System32\win32u.dll
[0616/235251.031:ERROR:process_memory_win.cc(73)] ReadMemory at 0x7ffffd760000 of 64 bytes failed: Only part of a ReadProcessMemory or WriteProcessMemory request was completed. (0x12B)
[0616/235251.031:WARNING:pe_image_reader.cc(340)] could not read dos header from C:\WINDOWS\System32\GDI32.dll
[0616/235251.031:ERROR:process_memory_win.cc(73)] ReadMemory at 0x7ffffaf70000 of 64 bytes failed: Only part of a ReadProcessMemory or WriteProcessMemory request was completed. (0x12B)
[0616/235251.031:WARNING:pe_image_reader.cc(340)] could not read dos header from C:\WINDOWS\System32\gdi32full.dll
[0616/235251.031:ERROR:process_memory_win.cc(73)] ReadMemory at 0x7ffffc540000 of 64 bytes failed: Only part of a ReadProcessMemory or WriteProcessMemory request was completed. (0x12B)
[0616/235251.031:WARNING:pe_image_reader.cc(340)] could not read dos header from C:\WINDOWS\System32\IMM32.DLL
[0616/235251.031:ERROR:process_memory_win.cc(73)] ReadMemory at 0x7ffff9070000 of 64 bytes failed: Only part of a ReadProcessMemory or WriteProcessMemory request was completed. (0x12B)
[0616/235251.031:WARNING:pe_image_reader.cc(340)] could not read dos header from C:\WINDOWS\SYSTEM32\windows.storage.dll
[0616/235251.031:ERROR:process_memory_win.cc(73)] ReadMemory at 0x7ffffa800000 of 64 bytes failed: Only part of a ReadProcessMemory or WriteProcessMemory request was completed. (0x12B)
[0616/235251.031:WARNING:pe_image_reader.cc(340)] could not read dos header from C:\WINDOWS\SYSTEM32\Wldp.dll
[0616/235251.031:ERROR:process_memory_win.cc(73)] ReadMemory at 0x7ffffc570000 of 64 bytes failed: Only part of a ReadProcessMemory or WriteProcessMemory request was completed. (0x12B)
[0616/235251.031:WARNING:pe_image_reader.cc(340)] could not read dos header from C:\WINDOWS\System32\SHCORE.dll
[0616/235251.031:ERROR:process_memory_win.cc(73)] ReadMemory at 0x7ffffd000000 of 64 bytes failed: Only part of a ReadProcessMemory or WriteProcessMemory request was completed. (0x12B)
[0616/235251.031:WARNING:pe_image_reader.cc(340)] could not read dos header from C:\WINDOWS\System32\shlwapi.dll
[0616/235251.031:ERROR:process_memory_win.cc(73)] ReadMemory at 0x7ffffa770000 of 64 bytes failed: Only part of a ReadProcessMemory or WriteProcessMemory request was completed. (0x12B)
[0616/235251.031:WARNING:pe_image_reader.cc(340)] could not read dos header from C:\WINDOWS\SYSTEM32\CRYPTBASE.DLL
[0616/235251.031:ERROR:process_memory_win.cc(73)] ReadMemory at 0x7ffffc700000 of 64 bytes failed: Only part of a ReadProcessMemory or WriteProcessMemory request was completed. (0x12B)
[0616/235251.031:WARNING:pe_image_reader.cc(340)] could not read dos header from C:\WINDOWS\System32\NSI.dll
[0616/235251.031:ERROR:process_memory_win.cc(73)] ReadMemory at 0x7ffff6360000 of 64 bytes failed: Only part of a ReadProcessMemory or WriteProcessMemory request was completed. (0x12B)
[0616/235251.031:WARNING:pe_image_reader.cc(340)] could not read dos header from C:\WINDOWS\system32\NLAapi.dll
[0616/235251.031:ERROR:process_memory_win.cc(73)] ReadMemory at 0x7ffff1ec0000 of 64 bytes failed: Only part of a ReadProcessMemory or WriteProcessMemory request was completed. (0x12B)
[0616/235251.031:WARNING:pe_image_reader.cc(340)] could not read dos header from C:\WINDOWS\SYSTEM32\dhcpcsvc6.DLL
[0616/235251.031:ERROR:process_memory_win.cc(73)] ReadMemory at 0x7ffffa340000 of 64 bytes failed: Only part of a ReadProcessMemory or WriteProcessMemory request was completed. (0x12B)
[0616/235251.031:WARNING:pe_image_reader.cc(340)] could not read dos header from C:\WINDOWS\SYSTEM32\DNSAPI.dll
[0616/235251.032:ERROR:process_memory_win.cc(73)] ReadMemory at 0x7ffff03f0000 of 64 bytes failed: Only part of a ReadProcessMemory or WriteProcessMemory request was completed. (0x12B)
[0616/235251.032:WARNING:pe_image_reader.cc(340)] could not read dos header from C:\WINDOWS\SYSTEM32\wlanapi.dll
[0616/235251.032:ERROR:process_memory_win.cc(73)] ReadMemory at 0x7ffffae60000 of 64 bytes failed: Only part of a ReadProcessMemory or WriteProcessMemory request was completed. (0x12B)
[0616/235251.032:WARNING:pe_image_reader.cc(340)] could not read dos header from C:\WINDOWS\SYSTEM32\profapi.dll
[0616/235251.032:ERROR:process_memory_win.cc(73)] ReadMemory at 0x7ffffa5f0000 of 64 bytes failed: Only part of a ReadProcessMemory or WriteProcessMemory request was completed. (0x12B)
[0616/235251.032:WARNING:pe_image_reader.cc(340)] could not read dos header from C:\WINDOWS\system32\mswsock.dll
[0616/235251.032:ERROR:process_memory_win.cc(73)] ReadMemory at 0x7fffeaa40000 of 64 bytes failed: Only part of a ReadProcessMemory or WriteProcessMemory request was completed. (0x12B)
[0616/235251.032:WARNING:pe_image_reader.cc(340)] could not read dos header from C:\Windows\System32\rasadhlp.dll
[0616/235251.032:ERROR:process_memory_win.cc(73)] ReadMemory at 0x7fffea6b0000 of 64 bytes failed: Only part of a ReadProcessMemory or WriteProcessMemory request was completed. (0x12B)
[0616/235251.032:WARNING:pe_image_reader.cc(340)] could not read dos header from C:\WINDOWS\System32\fwpuclnt.dll
[0616/235251.032:ERROR:process_memory_win.cc(73)] ReadMemory at 0x7ffffb370000 of 64 bytes failed: Only part of a ReadProcessMemory or WriteProcessMemory request was completed. (0x12B)
[0616/235251.032:WARNING:pe_image_reader.cc(340)] could not read dos header from C:\WINDOWS\System32\bcrypt.dll
[0616/235251.032:ERROR:process_memory_win.cc(73)] ReadMemory at 0x7ffffa8b0000 of 64 bytes failed: Only part of a ReadProcessMemory or WriteProcessMemory request was completed. (0x12B)
[0616/235251.032:WARNING:pe_image_reader.cc(340)] could not read dos header from C:\WINDOWS\System32\CRYPTSP.dll
[0616/235251.032:ERROR:process_memory_win.cc(73)] ReadMemory at 0x7ffff9fa0000 of 64 bytes failed: Only part of a ReadProcessMemory or WriteProcessMemory request was completed. (0x12B)
[0616/235251.032:WARNING:pe_image_reader.cc(340)] could not read dos header from C:\WINDOWS\system32\rsaenh.dll
[0616/235251.032:ERROR:process_memory_win.cc(73)] ReadMemory at 0x7ffff9810000 of 64 bytes failed: Only part of a ReadProcessMemory or WriteProcessMemory request was completed. (0x12B)
[0616/235251.032:WARNING:pe_image_reader.cc(340)] could not read dos header from C:\WINDOWS\SYSTEM32\gpapi.dll
[0616/235251.032:ERROR:process_memory_win.cc(73)] ReadMemory at 0x7fffe2950000 of 64 bytes failed: Only part of a ReadProcessMemory or WriteProcessMemory request was completed. (0x12B)
[0616/235251.032:WARNING:pe_image_reader.cc(340)] could not read dos header from C:\Windows\System32\cryptnet.dll
[0616/235251.042:ERROR:process_memory_win.cc(73)] ReadMemory at 0x3ca21f9000 of 28672 bytes failed: Only part of a ReadProcessMemory or WriteProcessMemory request was completed. (0x12B)
[0616/235251.043:ERROR:process_memory_win.cc(73)] ReadMemory at 0x3ca29fd000 of 12288 bytes failed: Only part of a ReadProcessMemory or WriteProcessMemory request was completed. (0x12B)
[0616/235251.043:ERROR:process_memory_win.cc(73)] ReadMemory at 0x3ca31fe000 of 8192 bytes failed: Only part of a ReadProcessMemory or WriteProcessMemory request was completed. (0x12B)
[0616/235251.043:ERROR:process_memory_win.cc(73)] ReadMemory at 0x3ca39fe000 of 8192 bytes failed: Only part of a ReadProcessMemory or WriteProcessMemory request was completed. (0x12B)
[0616/235251.043:ERROR:process_memory_win.cc(73)] ReadMemory at 0x3ca41fe000 of 8192 bytes failed: Only part of a ReadProcessMemory or WriteProcessMemory request was completed. (0x12B)
[0616/235251.043:ERROR:process_memory_win.cc(73)] ReadMemory at 0x3ca49fd000 of 12288 bytes failed: Only part of a ReadProcessMemory or WriteProcessMemory request was completed. (0x12B)
[0616/235251.043:ERROR:process_memory_win.cc(73)] ReadMemory at 0x3ca51fa000 of 24576 bytes failed: Only part of a ReadProcessMemory or WriteProcessMemory request was completed. (0x12B)
[0616/235251.044:ERROR:process_memory_win.cc(73)] ReadMemory at 0x3ca59fd000 of 12288 bytes failed: Only part of a ReadProcessMemory or WriteProcessMemory request was completed. (0x12B)
[0616/235251.044:ERROR:process_memory_win.cc(73)] ReadMemory at 0x3ca61f8000 of 32768 bytes failed: Only part of a ReadProcessMemory or WriteProcessMemory request was completed. (0x12B)
[0616/235251.044:ERROR:process_memory_win.cc(73)] ReadMemory at 0x3ca69fe000 of 8192 bytes failed: Only part of a ReadProcessMemory or WriteProcessMemory request was completed. (0x12B)
[0616/235251.044:ERROR:process_memory_win.cc(73)] ReadMemory at 0x3ca71f9000 of 28672 bytes failed: Only part of a ReadProcessMemory or WriteProcessMemory request was completed. (0x12B)
[0616/235251.044:ERROR:process_memory_win.cc(73)] ReadMemory at 0x3ca79fa000 of 24576 bytes failed: Only part of a ReadProcessMemory or WriteProcessMemory request was completed. (0x12B)
[0616/235251.044:ERROR:process_memory_win.cc(73)] ReadMemory at 0x3ca89fe000 of 8192 bytes failed: Only part of a ReadProcessMemory or WriteProcessMemory request was completed. (0x12B)
[0616/235251.044:ERROR:process_memory_win.cc(73)] ReadMemory at 0x3ca91fe000 of 8192 bytes failed: Only part of a ReadProcessMemory or WriteProcessMemory request was completed. (0x12B)
[0616/235251.044:ERROR:process_memory_win.cc(73)] ReadMemory at 0x3ca18cc000 of 852 bytes failed: Only part of a ReadProcessMemory or WriteProcessMemory request was completed. (0x12B)
[0616/235251.044:ERROR:process_memory_win.cc(73)] ReadMemory at 0x3ca18cd000 of 6024 bytes failed: Only part of a ReadProcessMemory or WriteProcessMemory request was completed. (0x12B)
[0616/235251.044:ERROR:process_memory_win.cc(73)] ReadMemory at 0x3ca18cf000 of 6024 bytes failed: Only part of a ReadProcessMemory or WriteProcessMemory request was completed. (0x12B)
[0616/235251.045:ERROR:process_memory_win.cc(73)] ReadMemory at 0x3ca18d1000 of 6024 bytes failed: Only part of a ReadProcessMemory or WriteProcessMemory request was completed. (0x12B)
[0616/235251.045:ERROR:process_memory_win.cc(73)] ReadMemory at 0x3ca18d3000 of 6024 bytes failed: Only part of a ReadProcessMemory or WriteProcessMemory request was completed. (0x12B)
[0616/235251.045:ERROR:process_memory_win.cc(73)] ReadMemory at 0x3ca18d5000 of 6024 bytes failed: Only part of a ReadProcessMemory or WriteProcessMemory request was completed. (0x12B)
[0616/235251.045:ERROR:process_memory_win.cc(73)] ReadMemory at 0x3ca18d7000 of 6024 bytes failed: Only part of a ReadProcessMemory or WriteProcessMemory request was completed. (0x12B)
[0616/235251.045:ERROR:process_memory_win.cc(73)] ReadMemory at 0x3ca18d9000 of 6024 bytes failed: Only part of a ReadProcessMemory or WriteProcessMemory request was completed. (0x12B)
[0616/235251.045:ERROR:process_memory_win.cc(73)] ReadMemory at 0x3ca18db000 of 6024 bytes failed: Only part of a ReadProcessMemory or WriteProcessMemory request was completed. (0x12B)
[0616/235251.045:ERROR:process_memory_win.cc(73)] ReadMemory at 0x3ca18dd000 of 6024 bytes failed: Only part of a ReadProcessMemory or WriteProcessMemory request was completed. (0x12B)
[0616/235251.045:ERROR:process_memory_win.cc(73)] ReadMemory at 0x3ca18df000 of 6024 bytes failed: Only part of a ReadProcessMemory or WriteProcessMemory request was completed. (0x12B)
[0616/235251.045:ERROR:process_memory_win.cc(73)] ReadMemory at 0x3ca18e1000 of 6024 bytes failed: Only part of a ReadProcessMemory or WriteProcessMemory request was completed. (0x12B)
[0616/235251.045:ERROR:process_memory_win.cc(73)] ReadMemory at 0x3ca18e3000 of 6024 bytes failed: Only part of a ReadProcessMemory or WriteProcessMemory request was completed. (0x12B)
[0616/235251.046:ERROR:process_memory_win.cc(73)] ReadMemory at 0x3ca18e7000 of 6024 bytes failed: Only part of a ReadProcessMemory or WriteProcessMemory request was completed. (0x12B)
[0616/235251.046:ERROR:process_memory_win.cc(73)] ReadMemory at 0x3ca18e9000 of 6024 bytes failed: Only part of a ReadProcessMemory or WriteProcessMemory request was completed. (0x12B)
[0616/235251.046:ERROR:process_memory_win.cc(73)] ReadMemory at 0x1564b7f0000 of 384 bytes failed: Only part of a ReadProcessMemory or WriteProcessMemory request was completed. (0x12B)
[0616/235251.046:ERROR:process_memory_win.cc(73)] ReadMemory at 0x1564b7f0ad0 of 512 bytes failed: Only part of a ReadProcessMemory or WriteProcessMemory request was completed. (0x12B)
[0616/235251.046:ERROR:process_memory_win.cc(73)] ReadMemory at 0x1564b7f0fe0 of 6064 bytes failed: Only part of a ReadProcessMemory or WriteProcessMemory request was completed. (0x12B)
[0616/235251.046:ERROR:process_memory_win.cc(73)] ReadMemory at 0x1564b7f27a0 of 1012 bytes failed: Only part of a ReadProcessMemory or WriteProcessMemory request was completed. (0x12B)
[0616/235251.046:ERROR:process_memory_win.cc(73)] ReadMemory at 0x1564b7f2de8 of 118 bytes failed: Only part of a ReadProcessMemory or WriteProcessMemory request was completed. (0x12B)
[0616/235251.046:ERROR:process_memory_win.cc(73)] ReadMemory at 0x1564b7f2e60 of 830 bytes failed: Only part of a ReadProcessMemory or WriteProcessMemory request was completed. (0x12B)
[0616/235251.046:ERROR:process_memory_win.cc(73)] ReadMemory at 0x1564b7f31a0 of 118 bytes failed: Only part of a ReadProcessMemory or WriteProcessMemory request was completed. (0x12B)
[0616/235251.046:ERROR:process_memory_win.cc(73)] ReadMemory at 0x1564b7f3218 of 30 bytes failed: Only part of a ReadProcessMemory or WriteProcessMemory request was completed. (0x12B)
[0616/235251.046:ERROR:process_memory_win.cc(73)] ReadMemory at 0x1564b7f3250 of 58 bytes failed: Only part of a ReadProcessMemory or WriteProcessMemory request was completed. (0x12B)
[0616/235251.046:ERROR:process_memory_win.cc(73)] ReadMemory at 0x1564b7f3350 of 132 bytes failed: Only part of a ReadProcessMemory or WriteProcessMemory request was completed. (0x12B)
[0616/235251.047:ERROR:process_memory_win.cc(73)] ReadMemory at 0x1564b7f34e0 of 132 bytes failed: Only part of a ReadProcessMemory or WriteProcessMemory request was completed. (0x12B)
[0616/235251.047:ERROR:process_memory_win.cc(73)] ReadMemory at 0x1564b7f36a0 of 124 bytes failed: Only part of a ReadProcessMemory or WriteProcessMemory request was completed. (0x12B)
[0616/235251.047:ERROR:process_memory_win.cc(73)] ReadMemory at 0x1564b7f3a80 of 132 bytes failed: Only part of a ReadProcessMemory or WriteProcessMemory request was completed. (0x12B)
[0616/235251.047:ERROR:process_memory_win.cc(73)] ReadMemory at 0x1564b7f3be0 of 512 bytes failed: Only part of a ReadProcessMemory or WriteProcessMemory request was completed. (0x12B)
[0616/235251.047:ERROR:process_memory_win.cc(73)] ReadMemory at 0x1564b7f4090 of 132 bytes failed: Only part of a ReadProcessMemory or WriteProcessMemory request was completed. (0x12B)
[0616/235251.047:ERROR:process_memory_win.cc(73)] ReadMemory at 0x1564b7f4220 of 68 bytes failed: Only part of a ReadProcessMemory or WriteProcessMemory request was completed. (0x12B)
[0616/235251.047:ERROR:process_memory_win.cc(73)] ReadMemory at 0x1564b7f5450 of 132 bytes failed: Only part of a ReadProcessMemory or WriteProcessMemory request was completed. (0x12B)
[0616/235251.047:ERROR:process_memory_win.cc(73)] ReadMemory at 0x1564b7f5660 of 132 bytes failed: Only part of a ReadProcessMemory or WriteProcessMemory request was completed. (0x12B)
[0616/235251.047:ERROR:process_memory_win.cc(73)] ReadMemory at 0x1564b7f5790 of 152 bytes failed: Only part of a ReadProcessMemory or WriteProcessMemory request was completed. (0x12B)
[0616/235251.047:ERROR:process_memory_win.cc(73)] ReadMemory at 0x1564b7f5850 of 512 bytes failed: Only part of a ReadProcessMemory or WriteProcessMemory request was completed. (0x12B)
[0616/235251.047:ERROR:process_memory_win.cc(73)] ReadMemory at 0x1564b7f5bd0 of 512 bytes failed: Only part of a ReadProcessMemory or WriteProcessMemory request was completed. (0x12B)
[0616/235251.047:ERROR:process_memory_win.cc(73)] ReadMemory at 0x1564b7f64f0 of 132 bytes failed: Only part of a ReadProcessMemory or WriteProcessMemory request was completed. (0x12B)
[0616/235251.048:ERROR:process_memory_win.cc(73)] ReadMemory at 0x1564b7f6680 of 60 bytes failed: Only part of a ReadProcessMemory or WriteProcessMemory request was completed. (0x12B)
[0616/235251.048:ERROR:process_memory_win.cc(73)] ReadMemory at 0x1564b7f7810 of 512 bytes failed: Only part of a ReadProcessMemory or WriteProcessMemory request was completed. (0x12B)
[0616/235251.048:ERROR:process_memory_win.cc(73)] ReadMemory at 0x1564b7f7b90 of 688 bytes failed: Only part of a ReadProcessMemory or WriteProcessMemory request was completed. (0x12B)
[0616/235251.048:ERROR:process_memory_win.cc(73)] ReadMemory at 0x1564b7f7fc0 of 512 bytes failed: Only part of a ReadProcessMemory or WriteProcessMemory request was completed. (0x12B)
[0616/235251.048:ERROR:process_memory_win.cc(73)] ReadMemory at 0x1564b7fa581 of 512 bytes failed: Only part of a ReadProcessMemory or WriteProcessMemory request was completed. (0x12B)
[0616/235251.048:ERROR:process_memory_win.cc(73)] ReadMemory at 0x1564b7faf10 of 132 bytes failed: Only part of a ReadProcessMemory or WriteProcessMemory request was completed. (0x12B)
[0616/235251.048:ERROR:process_memory_win.cc(73)] ReadMemory at 0x1564b7fb040 of 132 bytes failed: Only part of a ReadProcessMemory or WriteProcessMemory request was completed. (0x12B)
[0616/235251.048:ERROR:process_memory_win.cc(73)] ReadMemory at 0x1564b7fb260 of 132 bytes failed: Only part of a ReadProcessMemory or WriteProcessMemory request was completed. (0x12B)
[0616/235251.048:ERROR:process_memory_win.cc(73)] ReadMemory at 0x1564b7fb5b0 of 132 bytes failed: Only part of a ReadProcessMemory or WriteProcessMemory request was completed. (0x12B)
[0616/235251.048:ERROR:process_memory_win.cc(73)] ReadMemory at 0x1564b7fb920 of 132 bytes failed: Only part of a ReadProcessMemory or WriteProcessMemory request was completed. (0x12B)
[0616/235251.048:ERROR:process_memory_win.cc(73)] ReadMemory at 0x1564b7fbb60 of 60 bytes failed: Only part of a ReadProcessMemory or WriteProcessMemory request was completed. (0x12B)
[0616/235251.048:ERROR:process_memory_win.cc(73)] ReadMemory at 0x1564b7fbbb0 of 62 bytes failed: Only part of a ReadProcessMemory or WriteProcessMemory request was completed. (0x12B)
[0616/235251.048:ERROR:process_memory_win.cc(73)] ReadMemory at 0x1564b7fbc00 of 64 bytes failed: Only part of a ReadProcessMemory or WriteProcessMemory request was completed. (0x12B)
[0616/235251.049:ERROR:process_memory_win.cc(73)] ReadMemory at 0x1564b7fbc50 of 62 bytes failed: Only part of a ReadProcessMemory or WriteProcessMemory request was completed. (0x12B)
[0616/235251.049:ERROR:process_memory_win.cc(73)] ReadMemory at 0x1564b7fbd40 of 60 bytes failed: Only part of a ReadProcessMemory or WriteProcessMemory request was completed. (0x12B)
[0616/235251.049:ERROR:process_memory_win.cc(73)] ReadMemory at 0x1564b7fbe30 of 64 bytes failed: Only part of a ReadProcessMemory or WriteProcessMemory request was completed. (0x12B)
[0616/235251.049:ERROR:process_memory_win.cc(73)] ReadMemory at 0x1564b7fc0b0 of 64 bytes failed: Only part of a ReadProcessMemory or WriteProcessMemory request was completed. (0x12B)
[0616/235251.049:ERROR:process_memory_win.cc(73)] ReadMemory at 0x1564b7fc100 of 64 bytes failed: Only part of a ReadProcessMemory or WriteProcessMemory request was completed. (0x12B)
[0616/235251.049:ERROR:process_memory_win.cc(73)] ReadMemory at 0x1564b7fc1a0 of 66 bytes failed: Only part of a ReadProcessMemory or WriteProcessMemory request was completed. (0x12B)
[0616/235251.049:ERROR:process_memory_win.cc(73)] ReadMemory at 0x1564b7fc1f0 of 64 bytes failed: Only part of a ReadProcessMemory or WriteProcessMemory request was completed. (0x12B)
[0616/235251.049:ERROR:process_memory_win.cc(73)] ReadMemory at 0x1564b7fc700 of 132 bytes failed: Only part of a ReadProcessMemory or WriteProcessMemory request was completed. (0x12B)
[0616/235251.049:ERROR:process_memory_win.cc(73)] ReadMemory at 0x1564b7fc830 of 132 bytes failed: Only part of a ReadProcessMemory or WriteProcessMemory request was completed. (0x12B)
[0616/235251.049:ERROR:process_memory_win.cc(73)] ReadMemory at 0x1564b7fc960 of 132 bytes failed: Only part of a ReadProcessMemory or WriteProcessMemory request was completed. (0x12B)
[0616/235251.049:ERROR:process_memory_win.cc(73)] ReadMemory at 0x1564b7fca90 of 132 bytes failed: Only part of a ReadProcessMemory or WriteProcessMemory request was completed. (0x12B)
[0616/235251.049:ERROR:process_memory_win.cc(73)] ReadMemory at 0x1564b7fcbc0 of 132 bytes failed: Only part of a ReadProcessMemory or WriteProcessMemory request was completed. (0x12B)
[0616/235251.049:ERROR:process_memory_win.cc(73)] ReadMemory at 0x1564b7fccf0 of 132 bytes failed: Only part of a ReadProcessMemory or WriteProcessMemory request was completed. (0x12B)
[0616/235251.049:ERROR:process_memory_win.cc(73)] ReadMemory at 0x1564b7fce20 of 132 bytes failed: Only part of a ReadProcessMemory or WriteProcessMemory request was completed. (0x12B)
[0616/235251.049:ERROR:process_memory_win.cc(73)] ReadMemory at 0x1564b7fcf50 of 132 bytes failed: Only part of a ReadProcessMemory or WriteProcessMemory request was completed. (0x12B)
[0616/235251.050:ERROR:process_memory_win.cc(73)] ReadMemory at 0x1564b7fd080 of 132 bytes failed: Only part of a ReadProcessMemory or WriteProcessMemory request was completed. (0x12B)
[0616/235251.050:ERROR:process_memory_win.cc(73)] ReadMemory at 0x1564b7fd1b0 of 132 bytes failed: Only part of a ReadProcessMemory or WriteProcessMemory request was completed. (0x12B)
[0616/235251.050:ERROR:process_memory_win.cc(73)] ReadMemory at 0x1564b7fd2e0 of 132 bytes failed: Only part of a ReadProcessMemory or WriteProcessMemory request was completed. (0x12B)
[0616/235251.050:ERROR:process_memory_win.cc(73)] ReadMemory at 0x1564b7fd410 of 132 bytes failed: Only part of a ReadProcessMemory or WriteProcessMemory request was completed. (0x12B)
[0616/235251.050:ERROR:process_memory_win.cc(73)] ReadMemory at 0x1564b7fd540 of 132 bytes failed: Only part of a ReadProcessMemory or WriteProcessMemory request was completed. (0x12B)
[0616/235251.050:ERROR:process_memory_win.cc(73)] ReadMemory at 0x1564b7ffa30 of 132 bytes failed: Only part of a ReadProcessMemory or WriteProcessMemory request was completed. (0x12B)
[0616/235251.050:ERROR:process_memory_win.cc(73)] ReadMemory at 0x1564b7ffc60 of 132 bytes failed: Only part of a ReadProcessMemory or WriteProcessMemory request was completed. (0x12B)
[0616/235251.050:ERROR:process_memory_win.cc(73)] ReadMemory at 0x1564b800cf0 of 66 bytes failed: Only part of a ReadProcessMemory or WriteProcessMemory request was completed. (0x12B)
[0616/235251.050:ERROR:process_memory_win.cc(73)] ReadMemory at 0x1564b800f20 of 60 bytes failed: Only part of a ReadProcessMemory or WriteProcessMemory request was completed. (0x12B)
[0616/235251.050:ERROR:process_memory_win.cc(73)] ReadMemory at 0x1564b801150 of 62 bytes failed: Only part of a ReadProcessMemory or WriteProcessMemory request was completed. (0x12B)
[0616/235251.050:ERROR:process_memory_win.cc(73)] ReadMemory at 0x1564b8011a0 of 66 bytes failed: Only part of a ReadProcessMemory or WriteProcessMemory request was completed. (0x12B)
[0616/235251.050:ERROR:process_memory_win.cc(73)] ReadMemory at 0x1564b801240 of 62 bytes failed: Only part of a ReadProcessMemory or WriteProcessMemory request was completed. (0x12B)
[0616/235251.051:ERROR:process_memory_win.cc(73)] ReadMemory at 0x1564b801290 of 62 bytes failed: Only part of a ReadProcessMemory or WriteProcessMemory request was completed. (0x12B)
[0616/235251.051:ERROR:process_memory_win.cc(73)] ReadMemory at 0x1564b8018d0 of 60 bytes failed: Only part of a ReadProcessMemory or WriteProcessMemory request was completed. (0x12B)
[0616/235251.051:ERROR:process_memory_win.cc(73)] ReadMemory at 0x1564b801920 of 62 bytes failed: Only part of a ReadProcessMemory or WriteProcessMemory request was completed. (0x12B)
[0616/235251.051:ERROR:process_memory_win.cc(73)] ReadMemory at 0x1564b8019c0 of 60 bytes failed: Only part of a ReadProcessMemory or WriteProcessMemory request was completed. (0x12B)
[0616/235251.051:ERROR:process_memory_win.cc(73)] ReadMemory at 0x1564b801a10 of 56 bytes failed: Only part of a ReadProcessMemory or WriteProcessMemory request was completed. (0x12B)
[0616/235251.051:ERROR:process_memory_win.cc(73)] ReadMemory at 0x1564b803f50 of 132 bytes failed: Only part of a ReadProcessMemory or WriteProcessMemory request was completed. (0x12B)
[0616/235251.051:ERROR:process_memory_win.cc(73)] ReadMemory at 0x1564b806dc0 of 132 bytes failed: Only part of a ReadProcessMemory or WriteProcessMemory request was completed. (0x12B)
[0616/235251.051:ERROR:process_memory_win.cc(73)] ReadMemory at 0x1564b806ef0 of 144 bytes failed: Only part of a ReadProcessMemory or WriteProcessMemory request was completed. (0x12B)
[0616/235251.051:ERROR:process_memory_win.cc(73)] ReadMemory at 0x1564b8070a0 of 80 bytes failed: Only part of a ReadProcessMemory or WriteProcessMemory request was completed. (0x12B)
[0616/235251.052:ERROR:process_memory_win.cc(73)] ReadMemory at 0x1564b807580 of 78 bytes failed: Only part of a ReadProcessMemory or WriteProcessMemory request was completed. (0x12B)
[0616/235251.052:ERROR:process_memory_win.cc(73)] ReadMemory at 0x1564b807dc0 of 80 bytes failed: Only part of a ReadProcessMemory or WriteProcessMemory request was completed. (0x12B)
[0616/235251.052:ERROR:process_memory_win.cc(73)] ReadMemory at 0x1564b807ff0 of 58 bytes failed: Only part of a ReadProcessMemory or WriteProcessMemory request was completed. (0x12B)
[0616/235251.052:ERROR:process_memory_win.cc(73)] ReadMemory at 0x1564b808040 of 62 bytes failed: Only part of a ReadProcessMemory or WriteProcessMemory request was completed. (0x12B)
[0616/235251.052:ERROR:process_memory_win.cc(73)] ReadMemory at 0x1564b808310 of 62 bytes failed: Only part of a ReadProcessMemory or WriteProcessMemory request was completed. (0x12B)
[0616/235251.052:ERROR:process_memory_win.cc(73)] ReadMemory at 0x1564b808360 of 62 bytes failed: Only part of a ReadProcessMemory or WriteProcessMemory request was completed. (0x12B)
[0616/235251.052:ERROR:process_memory_win.cc(73)] ReadMemory at 0x1564b808400 of 62 bytes failed: Only part of a ReadProcessMemory or WriteProcessMemory request was completed. (0x12B)
[0616/235251.052:ERROR:process_memory_win.cc(73)] ReadMemory at 0x1564b808450 of 62 bytes failed: Only part of a ReadProcessMemory or WriteProcessMemory request was completed. (0x12B)
[0616/235251.052:ERROR:process_memory_win.cc(73)] ReadMemory at 0x1564b808590 of 62 bytes failed: Only part of a ReadProcessMemory or WriteProcessMemory request was completed. (0x12B)
[0616/235251.052:ERROR:process_memory_win.cc(73)] ReadMemory at 0x1564b8087c0 of 64 bytes failed: Only part of a ReadProcessMemory or WriteProcessMemory request was completed. (0x12B)
[0616/235251.052:ERROR:process_memory_win.cc(73)] ReadMemory at 0x1564b8088b0 of 64 bytes failed: Only part of a ReadProcessMemory or WriteProcessMemory request was completed. (0x12B)
[0616/235251.052:ERROR:process_memory_win.cc(73)] ReadMemory at 0x1564b8089a0 of 60 bytes failed: Only part of a ReadProcessMemory or WriteProcessMemory request was completed. (0x12B)
[0616/235251.052:ERROR:process_memory_win.cc(73)] ReadMemory at 0x1564b808a40 of 62 bytes failed: Only part of a ReadProcessMemory or WriteProcessMemory request was completed. (0x12B)
[0616/235251.053:ERROR:process_memory_win.cc(73)] ReadMemory at 0x1564b808ae0 of 60 bytes failed: Only part of a ReadProcessMemory or WriteProcessMemory request was completed. (0x12B)
[0616/235251.053:ERROR:process_memory_win.cc(73)] ReadMemory at 0x1564b808b30 of 60 bytes failed: Only part of a ReadProcessMemory or WriteProcessMemory request was completed. (0x12B)
[0616/235251.053:ERROR:process_memory_win.cc(73)] ReadMemory at 0x1564b808b80 of 66 bytes failed: Only part of a ReadProcessMemory or WriteProcessMemory request was completed. (0x12B)
[0616/235251.053:ERROR:process_memory_win.cc(73)] ReadMemory at 0x1564b808c70 of 62 bytes failed: Only part of a ReadProcessMemory or WriteProcessMemory request was completed. (0x12B)
[0616/235251.053:ERROR:process_memory_win.cc(73)] ReadMemory at 0x1564b808cc0 of 60 bytes failed: Only part of a ReadProcessMemory or WriteProcessMemory request was completed. (0x12B)
[0616/235251.053:ERROR:process_memory_win.cc(73)] ReadMemory at 0x1564b808d10 of 58 bytes failed: Only part of a ReadProcessMemory or WriteProcessMemory request was completed. (0x12B)
[0616/235251.053:ERROR:process_memory_win.cc(73)] ReadMemory at 0x1564b808ea0 of 58 bytes failed: Only part of a ReadProcessMemory or WriteProcessMemory request was completed. (0x12B)
[0616/235251.053:ERROR:process_memory_win.cc(73)] ReadMemory at 0x1564b809000 of 132 bytes failed: Only part of a ReadProcessMemory or WriteProcessMemory request was completed. (0x12B)
[0616/235251.053:ERROR:process_memory_win.cc(73)] ReadMemory at 0x1564b809130 of 132 bytes failed: Only part of a ReadProcessMemory or WriteProcessMemory request was completed. (0x12B)
[0616/235251.053:ERROR:process_memory_win.cc(73)] ReadMemory at 0x1564b809260 of 132 bytes failed: Only part of a ReadProcessMemory or WriteProcessMemory request was completed. (0x12B)
[0616/235251.053:ERROR:process_memory_win.cc(73)] ReadMemory at 0x1564b809390 of 132 bytes failed: Only part of a ReadProcessMemory or WriteProcessMemory request was completed. (0x12B)
[0616/235251.054:ERROR:process_memory_win.cc(73)] ReadMemory at 0x1564b8094c0 of 132 bytes failed: Only part of a ReadProcessMemory or WriteProcessMemory request was completed. (0x12B)
[0616/235251.054:ERROR:process_memory_win.cc(73)] ReadMemory at 0x1564b8095f0 of 132 bytes failed: Only part of a ReadProcessMemory or WriteProcessMemory request was completed. (0x12B)
[0616/235251.054:ERROR:process_memory_win.cc(73)] ReadMemory at 0x1564b809850 of 132 bytes failed: Only part of a ReadProcessMemory or WriteProcessMemory request was completed. (0x12B)
[0616/235251.054:ERROR:process_memory_win.cc(73)] ReadMemory at 0x1564b809980 of 132 bytes failed: Only part of a ReadProcessMemory or WriteProcessMemory request was completed. (0x12B)
[0616/235251.054:ERROR:process_memory_win.cc(73)] ReadMemory at 0x1564b809be0 of 132 bytes failed: Only part of a ReadProcessMemory or WriteProcessMemory request was completed. (0x12B)
[0616/235251.054:ERROR:process_memory_win.cc(73)] ReadMemory at 0x1564b809d10 of 132 bytes failed: Only part of a ReadProcessMemory or WriteProcessMemory request was completed. (0x12B)
[0616/235251.054:ERROR:process_memory_win.cc(73)] ReadMemory at 0x1564b809e40 of 132 bytes failed: Only part of a ReadProcessMemory or WriteProcessMemory request was completed. (0x12B)
[0616/235251.054:ERROR:process_memory_win.cc(73)] ReadMemory at 0x1564b809f70 of 132 bytes failed: Only part of a ReadProcessMemory or WriteProcessMemory request was completed. (0x12B)
[0616/235251.054:ERROR:process_memory_win.cc(73)] ReadMemory at 0x1564b80a0a0 of 132 bytes failed: Only part of a ReadProcessMemory or WriteProcessMemory request was completed. (0x12B)
[0616/235251.054:ERROR:process_memory_win.cc(73)] ReadMemory at 0x1564b80a1d0 of 132 bytes failed: Only part of a ReadProcessMemory or WriteProcessMemory request was completed. (0x12B)
[0616/235251.054:ERROR:process_memory_win.cc(73)] ReadMemory at 0x1564b80a300 of 132 bytes failed: Only part of a ReadProcessMemory or WriteProcessMemory request was completed. (0x12B)
[0616/235251.054:ERROR:process_memory_win.cc(73)] ReadMemory at 0x1564b80a430 of 132 bytes failed: Only part of a ReadProcessMemory or WriteProcessMemory request was completed. (0x12B)
[0616/235251.055:ERROR:process_memory_win.cc(73)] ReadMemory at 0x1564b80a560 of 132 bytes failed: Only part of a ReadProcessMemory or WriteProcessMemory request was completed. (0x12B)
[0616/235251.055:ERROR:process_memory_win.cc(73)] ReadMemory at 0x1564b80a690 of 132 bytes failed: Only part of a ReadProcessMemory or WriteProcessMemory request was completed. (0x12B)
[0616/235251.055:ERROR:process_memory_win.cc(73)] ReadMemory at 0x1564b80a7c0 of 132 bytes failed: Only part of a ReadProcessMemory or WriteProcessMemory request was completed. (0x12B)
[0616/235251.055:ERROR:process_memory_win.cc(73)] ReadMemory at 0x1564b80a8f0 of 132 bytes failed: Only part of a ReadProcessMemory or WriteProcessMemory request was completed. (0x12B)
[0616/235251.055:ERROR:process_memory_win.cc(73)] ReadMemory at 0x1564b80aa20 of 132 bytes failed: Only part of a ReadProcessMemory or WriteProcessMemory request was completed. (0x12B)
[0616/235251.055:ERROR:process_memory_win.cc(73)] ReadMemory at 0x1564b80ab50 of 132 bytes failed: Only part of a ReadProcessMemory or WriteProcessMemory request was completed. (0x12B)
[0616/235251.055:ERROR:process_memory_win.cc(73)] ReadMemory at 0x1564b80ac80 of 132 bytes failed: Only part of a ReadProcessMemory or WriteProcessMemory request was completed. (0x12B)
[0616/235251.055:ERROR:process_memory_win.cc(73)] ReadMemory at 0x1564b80adb0 of 132 bytes failed: Only part of a ReadProcessMemory or WriteProcessMemory request was completed. (0x12B)
[0616/235251.055:ERROR:process_memory_win.cc(73)] ReadMemory at 0x1564b81a900 of 54 bytes failed: Only part of a ReadProcessMemory or WriteProcessMemory request was completed. (0x12B)
[0616/235251.055:ERROR:process_memory_win.cc(73)] ReadMemory at 0x1564b8224e0 of 512 bytes failed: Only part of a ReadProcessMemory or WriteProcessMemory request was completed. (0x12B)
[0616/235251.055:ERROR:process_memory_win.cc(73)] ReadMemory at 0x1564b8270b0 of 512 bytes failed: Only part of a ReadProcessMemory or WriteProcessMemory request was completed. (0x12B)
[0616/235251.055:ERROR:process_memory_win.cc(73)] ReadMemory at 0x1564b827430 of 512 bytes failed: Only part of a ReadProcessMemory or WriteProcessMemory request was completed. (0x12B)
[0616/235251.055:ERROR:process_memory_win.cc(73)] ReadMemory at 0x1564b855c70 of 512 bytes failed: Only part of a ReadProcessMemory or WriteProcessMemory request was completed. (0x12B)
[0616/235251.055:ERROR:process_memory_win.cc(73)] ReadMemory at 0x1564b87f320 of 512 bytes failed: Only part of a ReadProcessMemory or WriteProcessMemory request was completed. (0x12B)
[0616/235251.055:ERROR:process_memory_win.cc(73)] ReadMemory at 0x1564b87f6a0 of 512 bytes failed: Only part of a ReadProcessMemory or WriteProcessMemory request was completed. (0x12B)
[0616/235251.055:ERROR:process_memory_win.cc(73)] ReadMemory at 0x1564b882cb0 of 64 bytes failed: Only part of a ReadProcessMemory or WriteProcessMemory request was completed. (0x12B)
[0616/235251.056:ERROR:process_memory_win.cc(73)] ReadMemory at 0x1564b882da0 of 60 bytes failed: Only part of a ReadProcessMemory or WriteProcessMemory request was completed. (0x12B)
[0616/235251.056:ERROR:process_memory_win.cc(73)] ReadMemory at 0x1564b882fd0 of 64 bytes failed: Only part of a ReadProcessMemory or WriteProcessMemory request was completed. (0x12B)
[0616/235251.056:ERROR:process_memory_win.cc(73)] ReadMemory at 0x1564b89d1e0 of 62 bytes failed: Only part of a ReadProcessMemory or WriteProcessMemory request was completed. (0x12B)
[0616/235251.056:ERROR:process_memory_win.cc(73)] ReadMemory at 0x1564b89d910 of 60 bytes failed: Only part of a ReadProcessMemory or WriteProcessMemory request was completed. (0x12B)
[0616/235251.056:ERROR:process_memory_win.cc(73)] ReadMemory at 0x1564b8a0d60 of 132 bytes failed: Only part of a ReadProcessMemory or WriteProcessMemory request was completed. (0x12B)
[0616/235251.056:ERROR:process_memory_win.cc(73)] ReadMemory at 0x1564b8a10f0 of 132 bytes failed: Only part of a ReadProcessMemory or WriteProcessMemory request was completed. (0x12B)
[0616/235251.056:ERROR:process_memory_win.cc(73)] ReadMemory at 0x1564b8a1940 of 132 bytes failed: Only part of a ReadProcessMemory or WriteProcessMemory request was completed. (0x12B)
[0616/235251.056:ERROR:process_memory_win.cc(73)] ReadMemory at 0x1564b8bffe0 of 58 bytes failed: Only part of a ReadProcessMemory or WriteProcessMemory request was completed. (0x12B)
[0616/235251.056:ERROR:process_memory_win.cc(73)] ReadMemory at 0x1564bb750b0 of 512 bytes failed: Only part of a ReadProcessMemory or WriteProcessMemory request was completed. (0x12B)
[0616/235251.056:ERROR:process_memory_win.cc(73)] ReadMemory at 0x1564bf79628 of 512 bytes failed: Only part of a ReadProcessMemory or WriteProcessMemory request was completed. (0x12B)
[0616/235251.056:ERROR:process_memory_win.cc(73)] ReadMemory at 0x1564bf80d30 of 512 bytes failed: Only part of a ReadProcessMemory or WriteProcessMemory request was completed. (0x12B)
[0616/235251.056:ERROR:process_memory_win.cc(73)] ReadMemory at 0x7fff9f9c398e of 512 bytes failed: Only part of a ReadProcessMemory or WriteProcessMemory request was completed. (0x12B)
[0616/235251.056:ERROR:process_memory_win.cc(73)] ReadMemory at 0x7fffa625ac28 of 512 bytes failed: Only part of a ReadProcessMemory or WriteProcessMemory request was completed. (0x12B)
[0616/235251.056:ERROR:process_memory_win.cc(73)] ReadMemory at 0x7fffa6e99568 of 512 bytes failed: Only part of a ReadProcessMemory or WriteProcessMemory request was completed. (0x12B)
[0616/235251.056:ERROR:process_memory_win.cc(73)] ReadMemory at 0x7ffffb62c738 of 512 bytes failed: Only part of a ReadProcessMemory or WriteProcessMemory request was completed. (0x12B)
[0616/235251.056:ERROR:process_memory_win.cc(73)] ReadMemory at 0x7ffffd86ad94 of 672 bytes failed: Only part of a ReadProcessMemory or WriteProcessMemory request was completed. (0x12B)
[0616/235251.057:ERROR:process_memory_win.cc(73)] ReadMemory at 0x7ffffd86b394 of 512 bytes failed: Only part of a ReadProcessMemory or WriteProcessMemory request was completed. (0x12B)
[0616/235251.057:ERROR:process_memory_win.cc(73)] ReadMemory at 0x7ffffd86e764 of 512 bytes failed: Only part of a ReadProcessMemory or WriteProcessMemory request was completed. (0x12B)
[0616/235251.057:ERROR:process_memory_win.cc(73)] ReadMemory at 0x7ffffd8ff650 of 18 bytes failed: Only part of a ReadProcessMemory or WriteProcessMemory request was completed. (0x12B)
[0616/235251.057:ERROR:process_memory_win.cc(73)] ReadMemory at 0x7ffffd9334f8 of 40 bytes failed: Only part of a ReadProcessMemory or WriteProcessMemory request was completed. (0x12B)
[0616/235251.057:ERROR:process_memory_win.cc(73)] ReadMemory at 0x7ffffd933978 of 48 bytes failed: Only part of a ReadProcessMemory or WriteProcessMemory request was completed. (0x12B)
[0616/235251.057:ERROR:process_memory_win.cc(73)] ReadMemory at 0x7ffffd9394c0 of 64 bytes failed: Only part of a ReadProcessMemory or WriteProcessMemory request was completed. (0x12B)
[0616/235251.059:ERROR:file_io_win.cc(161)] CreateFile C:\Users\vjgay\AppData\Local\Temp\scoped_dir38564_1374553242\Crashpad\settings.dat: The system cannot find the file specified. (0x2)
[0616/235251.058:ERROR:scoped_process_suspend.cc(40)] NtResumeProcess: An attempt was made to access an exiting process. (0xc000010a)
